app/build/intermediates/manifest_merge_blame_file/debug/manifest-merger-blame-debug-report.txt
1<?xml version="1.0" encoding="utf-8"?>
2<manifest xmlns:android="http://schemas.android.com/apk/res/android"
3    package="com.restaurant.fatih"
4    android:versionCode="1"
5    android:versionName="1.0" >
6
7    <uses-sdk
8        android:minSdkVersion="22"
8-->src\main\AndroidManifest.xml
9        android:targetSdkVersion="29" />
9-->src\main\AndroidManifest.xml
10
11    <application
11-->src\main\AndroidManifest.xml:5:5-25:19
12        android:allowBackup="true"
12-->src\main\AndroidManifest.xml:6:9-35
13        android:appComponentFactory="androidx.core.app.CoreComponentFactory"
13-->[androidx.core:core:1.1.0] AndroidManifest.xml:24:18-86
14        android:debuggable="true"
15        android:icon="@mipmap/ic_launcher"
15-->src\main\AndroidManifest.xml:7:9-43
16        android:label="@string/app_name"
16-->src\main\AndroidManifest.xml:8:9-41
17        android:roundIcon="@mipmap/ic_launcher_round"
17-->src\main\AndroidManifest.xml:9:9-54
18        android:supportsRtl="true"
18-->src\main\AndroidManifest.xml:10:9-35
19        android:theme="@style/AppTheme"
19-->src\main\AndroidManifest.xml:11:9-40
20        android:usesCleartextTraffic="true" >
20-->src\main\AndroidManifest.xml:12:9-44
21        <activity android:name="com.restaurant.fatih.ProfileActivity" />
21-->src\main\AndroidManifest.xml:13:9-62
21-->src\main\AndroidManifest.xml:13:19-50
22        <activity android:name="com.restaurant.fatih.ChangePasswordActivity" />
22-->src\main\AndroidManifest.xml:14:9-60
22-->src\main\AndroidManifest.xml:14:19-57
23        <activity android:name="com.restaurant.fatih.DashboardActivity" >
23-->src\main\AndroidManifest.xml:15:9-24:20
23-->src\main\AndroidManifest.xml:15:19-52
24            <activity android:name="com.restaurant.fatih.auth.RegisterActivity" />
24-->src\main\AndroidManifest.xml:16:13-63
24-->src\main\AndroidManifest.xml:16:23-60
25            <activity android:name="com.restaurant.fatih.auth.LoginActivity" />
25-->src\main\AndroidManifest.xml:17:13-60
25-->src\main\AndroidManifest.xml:17:23-57
26
27            <intent-filter>
27-->src\main\AndroidManifest.xml:19:13-23:29
28                <action android:name="android.intent.action.MAIN" />
28-->src\main\AndroidManifest.xml:20:17-69
28-->src\main\AndroidManifest.xml:20:25-66
29
30                <category android:name="android.intent.category.LAUNCHER" />
30-->src\main\AndroidManifest.xml:22:17-77
30-->src\main\AndroidManifest.xml:22:27-74
31            </intent-filter>
32        </activity>
33        <activity
33-->[com.karumi:dexter:5.0.0] AndroidManifest.xml:27:9-29:72
34            android:name="com.karumi.dexter.DexterActivity"
34-->[com.karumi:dexter:5.0.0] AndroidManifest.xml:28:13-60
35            android:theme="@style/Dexter.Internal.Theme.Transparent" />
35-->[com.karumi:dexter:5.0.0] AndroidManifest.xml:29:13-69
36    </application>
37
38</manifest>